Started GET "/" for ::1 at 2022-10-16 18:06:19 +0100
  [1m[35m (0.1ms)[0m  [1m[34mSELECT "schema_migrations"."version" FROM "schema_migrations" ORDER BY "schema_migrations"."version" ASC[0m
  ↳ /home/mashal/.rvm/gems/ruby-2.6.3/gems/activerecord-5.2.8.1/lib/active_record/log_subscriber.rb:98
Processing by ThreeDFilesController#index as HTML
  Rendering three_d_files/index.html.erb within layouts/application
  [1m[36mThreeDFile Load (0.1ms)[0m  [1m[34mSELECT "three_d_files".* FROM "three_d_files"[0m
  ↳ app/views/three_d_files/index.html.erb:43
  Rendered three_d_files/index.html.erb within layouts/application (2656.4ms)
Completed 200 OK in 2862ms (Views: 2849.0ms | ActiveRecord: 0.3ms)


Started GET "/three_d_files/new" for ::1 at 2022-10-16 18:06:26 +0100
Processing by ThreeDFilesController#new as HTML
  Rendering three_d_files/new.html.erb within layouts/application
  Rendered three_d_files/_error_list.html.erb (0.4ms)
  Rendered three_d_files/new.html.erb within layouts/application (14.5ms)
Completed 200 OK in 93ms (Views: 33.3ms | ActiveRecord: 0.5ms)


Started POST "/three_d_files" for ::1 at 2022-10-16 18:07:06 +0100
Processing by ThreeDFilesController#create as HTML
  Parameters: {"utf8"=>"✓", "authenticity_token"=>"LZe6uBv+2z09TpsRBMrCBKxjrPfP2mpzyl5vGhJfTpEhNL9WAI7ioGVFHDYxRaqatT2aoTOgp8nlzdQfoDXsKg==", "three_d_file"=>{"name"=>"mymodel", "attachment"=>#<ActionDispatch::Http::UploadedFile:0x00007fbe0abe4900 @tempfile=#<Tempfile:/tmp/RackMultipart20221016-70745-10udfhl.stl>, @original_filename="BlackWater-Lightversion.stl", @content_type="model/stl", @headers="Content-Disposition: form-data; name=\"three_d_file[attachment]\"; filename=\"BlackWater-Lightversion.stl\"\r\nContent-Type: model/stl\r\n">}, "commit"=>"Submit"}
  [1m[35m (0.1ms)[0m  [1m[36mbegin transaction[0m
  ↳ app/controllers/three_d_files_controller.rb:13
  [1m[36mThreeDFile Create (0.2ms)[0m  [1m[32mINSERT INTO "three_d_files" ("name", "attachment", "created_at", "updated_at") VALUES (?, ?, ?, ?)[0m  [["name", "mymodel"], ["attachment", "BlackWater-Lightversion.stl"], ["created_at", "2022-10-16 17:07:06.837063"], ["updated_at", "2022-10-16 17:07:06.837063"]]
  ↳ app/controllers/three_d_files_controller.rb:13
  [1m[35m (9.6ms)[0m  [1m[36mcommit transaction[0m
  ↳ app/controllers/three_d_files_controller.rb:13
Redirected to http://localhost:3000/three_d_files
Completed 302 Found in 23ms (ActiveRecord: 9.9ms)


Started GET "/three_d_files" for ::1 at 2022-10-16 18:07:06 +0100
Processing by ThreeDFilesController#index as HTML
  Rendering three_d_files/index.html.erb within layouts/application
  [1m[36mThreeDFile Load (0.1ms)[0m  [1m[34mSELECT "three_d_files".* FROM "three_d_files"[0m
  ↳ app/views/three_d_files/index.html.erb:43
  Rendered three_d_files/index.html.erb within layouts/application (7.0ms)
Completed 200 OK in 22ms (Views: 20.8ms | ActiveRecord: 0.1ms)


Started GET "/three_d_files/14" for ::1 at 2022-10-16 18:07:13 +0100
Processing by ThreeDFilesController#show as HTML
  Parameters: {"id"=>"14"}
  [1m[36mThreeDFile Load (0.5ms)[0m  [1m[34mSELECT  "three_d_files".* FROM "three_d_files" WHERE "three_d_files"."id" = ? LIMIT ?[0m  [["id", 14], ["LIMIT", 1]]
  ↳ app/controllers/three_d_files_controller.rb:30
  Rendering three_d_files/show.html.erb within layouts/application
  Rendered three_d_files/show.html.erb within layouts/application (15.6ms)
Completed 200 OK in 48ms (Views: 36.9ms | ActiveRecord: 0.5ms)


Started GET "/three_d_files" for ::1 at 2022-10-16 18:09:04 +0100
Processing by ThreeDFilesController#index as HTML
  Rendering three_d_files/index.html.erb within layouts/application
  [1m[36mThreeDFile Load (0.1ms)[0m  [1m[34mSELECT "three_d_files".* FROM "three_d_files"[0m
  ↳ app/views/three_d_files/index.html.erb:43
  Rendered three_d_files/index.html.erb within layouts/application (6.8ms)
Completed 200 OK in 28ms (Views: 26.2ms | ActiveRecord: 0.1ms)


Started GET "/three_d_files/14" for ::1 at 2022-10-16 18:09:10 +0100
Processing by ThreeDFilesController#show as HTML
  Parameters: {"id"=>"14"}
  [1m[36mThreeDFile Load (0.2ms)[0m  [1m[34mSELECT  "three_d_files".* FROM "three_d_files" WHERE "three_d_files"."id" = ? LIMIT ?[0m  [["id", 14], ["LIMIT", 1]]
  ↳ app/controllers/three_d_files_controller.rb:30
  Rendering three_d_files/show.html.erb within layouts/application
  Rendered three_d_files/show.html.erb within layouts/application (34.6ms)
Completed 200 OK in 53ms (Views: 51.3ms | ActiveRecord: 0.2ms)


Started GET "/three_d_files" for ::1 at 2022-10-16 18:14:00 +0100
Processing by ThreeDFilesController#index as HTML
  Rendering three_d_files/index.html.erb within layouts/application
  [1m[36mThreeDFile Load (0.1ms)[0m  [1m[34mSELECT "three_d_files".* FROM "three_d_files"[0m
  ↳ app/views/three_d_files/index.html.erb:43
  Rendered three_d_files/index.html.erb within layouts/application (17.5ms)
Completed 200 OK in 227ms (Views: 223.8ms | ActiveRecord: 0.1ms)


Started GET "/three_d_files" for ::1 at 2022-10-16 18:14:52 +0100
Processing by ThreeDFilesController#index as HTML
  Rendering three_d_files/index.html.erb within layouts/application
  [1m[36mThreeDFile Load (0.1ms)[0m  [1m[34mSELECT "three_d_files".* FROM "three_d_files"[0m
  ↳ app/views/three_d_files/index.html.erb:43
  Rendered three_d_files/index.html.erb within layouts/application (7.3ms)
Completed 200 OK in 923ms (Views: 921.9ms | ActiveRecord: 0.1ms)


Started DELETE "/three_d_files/14" for ::1 at 2022-10-16 18:15:07 +0100
Processing by ThreeDFilesController#destroy as HTML
  Parameters: {"authenticity_token"=>"MxiGX4P6Ma1w0UNl+8GFMc/dlDDmbGKE+zqOiEtKzvkLj5K/jLc33tY/GUsUcf4vr5P/rvunSWlePV2KQeD81A==", "id"=>"14"}
  [1m[36mThreeDFile Load (0.4ms)[0m  [1m[34mSELECT  "three_d_files".* FROM "three_d_files" WHERE "three_d_files"."id" = ? LIMIT ?[0m  [["id", 14], ["LIMIT", 1]]
  ↳ app/controllers/three_d_files_controller.rb:23
  [1m[35m (0.1ms)[0m  [1m[36mbegin transaction[0m
  ↳ app/controllers/three_d_files_controller.rb:24
  [1m[36mThreeDFile Destroy (0.2ms)[0m  [1m[31mDELETE FROM "three_d_files" WHERE "three_d_files"."id" = ?[0m  [["id", 14]]
  ↳ app/controllers/three_d_files_controller.rb:24
  [1m[35m (36.8ms)[0m  [1m[36mcommit transaction[0m
  ↳ app/controllers/three_d_files_controller.rb:24
Redirected to http://localhost:3000/three_d_files
Completed 302 Found in 44ms (ActiveRecord: 37.5ms)


Started GET "/three_d_files" for ::1 at 2022-10-16 18:15:08 +0100
Processing by ThreeDFilesController#index as HTML
  Rendering three_d_files/index.html.erb within layouts/application
  [1m[36mThreeDFile Load (0.1ms)[0m  [1m[34mSELECT "three_d_files".* FROM "three_d_files"[0m
  ↳ app/views/three_d_files/index.html.erb:43
  Rendered three_d_files/index.html.erb within layouts/application (17.8ms)
Completed 200 OK in 52ms (Views: 50.2ms | ActiveRecord: 0.1ms)


Started GET "/three_d_files" for ::1 at 2022-10-16 18:15:55 +0100
Processing by ThreeDFilesController#index as HTML
  Rendering three_d_files/index.html.erb within layouts/application
  [1m[36mThreeDFile Load (0.1ms)[0m  [1m[34mSELECT "three_d_files".* FROM "three_d_files"[0m
  ↳ app/views/three_d_files/index.html.erb:43
  Rendered three_d_files/index.html.erb within layouts/application (12.5ms)
Completed 200 OK in 927ms (Views: 925.4ms | ActiveRecord: 0.1ms)


Started GET "/three_d_files/new" for ::1 at 2022-10-16 18:15:59 +0100
Processing by ThreeDFilesController#new as HTML
  Rendering three_d_files/new.html.erb within layouts/application
  Rendered three_d_files/_error_list.html.erb (0.5ms)
  Rendered three_d_files/new.html.erb within layouts/application (4.1ms)
Completed 200 OK in 34ms (Views: 32.8ms | ActiveRecord: 0.0ms)


Started GET "/three_d_files/new" for ::1 at 2022-10-16 18:18:06 +0100
Processing by ThreeDFilesController#new as HTML
  Rendering three_d_files/new.html.erb within layouts/application
  Rendered three_d_files/_error_list.html.erb (0.4ms)
  Rendered three_d_files/new.html.erb within layouts/application (2.9ms)
Completed 200 OK in 994ms (Views: 993.0ms | ActiveRecord: 0.0ms)


Started GET "/three_d_files" for ::1 at 2022-10-16 18:18:13 +0100
Processing by ThreeDFilesController#index as HTML
  Rendering three_d_files/index.html.erb within layouts/application
  [1m[36mThreeDFile Load (0.2ms)[0m  [1m[34mSELECT "three_d_files".* FROM "three_d_files"[0m
  ↳ app/views/three_d_files/index.html.erb:43
  Rendered three_d_files/index.html.erb within layouts/application (9.6ms)
Completed 200 OK in 37ms (Views: 35.9ms | ActiveRecord: 0.2ms)


Started GET "/three_d_files/new" for ::1 at 2022-10-16 18:18:16 +0100
Processing by ThreeDFilesController#new as HTML
  Rendering three_d_files/new.html.erb within layouts/application
  Rendered three_d_files/_error_list.html.erb (1.0ms)
  Rendered three_d_files/new.html.erb within layouts/application (5.5ms)
Completed 200 OK in 32ms (Views: 30.8ms | ActiveRecord: 0.0ms)


Started GET "/three_d_files/new" for ::1 at 2022-10-16 18:19:17 +0100
Processing by ThreeDFilesController#new as HTML
  Rendering three_d_files/new.html.erb within layouts/application
  Rendered three_d_files/_error_list.html.erb (0.4ms)
  Rendered three_d_files/new.html.erb within layouts/application (2.8ms)
Completed 200 OK in 1047ms (Views: 1045.9ms | ActiveRecord: 0.0ms)


Started GET "/three_d_files" for ::1 at 2022-10-16 18:20:05 +0100
Processing by ThreeDFilesController#index as HTML
  Rendering three_d_files/index.html.erb within layouts/application
  [1m[36mThreeDFile Load (0.1ms)[0m  [1m[34mSELECT "three_d_files".* FROM "three_d_files"[0m
  ↳ app/views/three_d_files/index.html.erb:43
  Rendered three_d_files/index.html.erb within layouts/application (7.3ms)
Completed 200 OK in 37ms (Views: 35.6ms | ActiveRecord: 0.1ms)


Started GET "/three_d_files/new" for ::1 at 2022-10-16 18:20:07 +0100
Processing by ThreeDFilesController#new as HTML
  Rendering three_d_files/new.html.erb within layouts/application
  Rendered three_d_files/_error_list.html.erb (1.1ms)
  Rendered three_d_files/new.html.erb within layouts/application (6.3ms)
Completed 200 OK in 36ms (Views: 33.8ms | ActiveRecord: 0.0ms)


Started GET "/three_d_files/new" for ::1 at 2022-10-16 18:22:13 +0100
Processing by ThreeDFilesController#new as HTML
  Rendering three_d_files/new.html.erb within layouts/application
  Rendered three_d_files/_error_list.html.erb (1.0ms)
  Rendered three_d_files/new.html.erb within layouts/application (7.5ms)
Completed 200 OK in 978ms (Views: 975.4ms | ActiveRecord: 0.0ms)


Started GET "/three_d_files/new" for ::1 at 2022-10-16 18:22:16 +0100
Processing by ThreeDFilesController#new as HTML
  Rendering three_d_files/new.html.erb within layouts/application
  Rendered three_d_files/_error_list.html.erb (1.1ms)
  Rendered three_d_files/new.html.erb within layouts/application (7.4ms)
Completed 200 OK in 40ms (Views: 37.1ms | ActiveRecord: 0.0ms)


Started GET "/three_d_files" for ::1 at 2022-10-16 18:22:18 +0100
Processing by ThreeDFilesController#index as HTML
  Rendering three_d_files/index.html.erb within layouts/application
  [1m[36mThreeDFile Load (0.1ms)[0m  [1m[34mSELECT "three_d_files".* FROM "three_d_files"[0m
  ↳ app/views/three_d_files/index.html.erb:43
  Rendered three_d_files/index.html.erb within layouts/application (12.7ms)
Completed 200 OK in 38ms (Views: 35.3ms | ActiveRecord: 0.1ms)


Started GET "/three_d_files/new" for ::1 at 2022-10-16 18:22:20 +0100
Processing by ThreeDFilesController#new as HTML
  Rendering three_d_files/new.html.erb within layouts/application
  Rendered three_d_files/_error_list.html.erb (0.6ms)
  Rendered three_d_files/new.html.erb within layouts/application (3.3ms)
Completed 200 OK in 30ms (Views: 29.4ms | ActiveRecord: 0.0ms)


Started GET "/three_d_files/new" for ::1 at 2022-10-16 18:23:18 +0100
Processing by ThreeDFilesController#new as HTML
  Rendering three_d_files/new.html.erb within layouts/application
  Rendered three_d_files/_error_list.html.erb (0.5ms)
  Rendered three_d_files/new.html.erb within layouts/application (3.2ms)
Completed 200 OK in 926ms (Views: 924.9ms | ActiveRecord: 0.0ms)


Started GET "/three_d_files" for ::1 at 2022-10-16 18:24:11 +0100
Processing by ThreeDFilesController#index as HTML
  Rendering three_d_files/index.html.erb within layouts/application
  [1m[36mThreeDFile Load (0.1ms)[0m  [1m[34mSELECT "three_d_files".* FROM "three_d_files"[0m
  ↳ app/views/three_d_files/index.html.erb:43
  Rendered three_d_files/index.html.erb within layouts/application (17.2ms)
Completed 200 OK in 62ms (Views: 60.5ms | ActiveRecord: 0.1ms)


